<?xml version="1.0" encoding="UTF-8"?>
<rss xmlns:media="http://search.yahoo.com/mrss/" xmlns:dc="http://purl.org/dc/elements/1.1/" version="2.0" xmlns:itunes="http://www.itunes.com/dtds/podcast-1.0.dtd">
  
  <channel>
    <title>Sample Podcast Title By Anas</title>
    <link><![CDATA[https://6abc.com/feed]]>
    </link>
    <lastBuildDate><![CDATA[Sat, 25 Oct 2025 11:33:31 +0000]]>
    </lastBuildDate>
    <itunes:owner>
      <itunes:name>Mohammad Anas</itunes:name>
      <itunes:email>anasanshu68@gmail.com</itunes:email>
    </itunes:owner>
    <pubDate><![CDATA[Sat, 25 Oct 2025 11:33:31 +0000]]>
    </pubDate>
    <description>Keep up with news from your local ABC station.</description>
    <copyright>Copyright 2025 ABC Inc., WPVI-TV Philadelphia</copyright>
    <managingEditor>cyber6@abc.com(WPVI-TV Philadelphia)</managingEditor>
    <webMaster>cyber6@abc.com(WPVI-TV Philadelphia)</webMaster>
    <language><![CDATA[en]]>
    </language>
    <item>
      <title><![CDATA[Inspector Clouseau? The mystery man in an AP photo after the Louvre jewel heist creates a buzz]]>
      </title>
      <description><![CDATA[In his photo showing French police officers, Thibault Camus also has a well-dressed man in a fedora, coat and suit in his frame.]]>
      </description>
      <pubDate><![CDATA[Sat, 25 Oct 2025 11:15:59 +0000]]>
      </pubDate>
      <link><![CDATA[https://abc7chicago.com/post/louvre-detective-mystery-dapper-ap-photo-heist-creates-social-media-buzz/18069823/]]>
      </link>
      <type><![CDATA[post]]>
      </type>
      <guid><![CDATA[https://abc7chicago.com/post/louvre-detective-mystery-dapper-ap-photo-heist-creates-social-media-buzz/18069823/]]>
      </guid>
      <dc:creator><![CDATA[AP]]>
      </dc:creator>
      <media:keywords><![CDATA[detective for louvre case, dapper detective louvre, detective for the louvre, louvre dapper man, detective investigating louvre robbery, louve detective, the louvre detective, the louvre robbery detective, detective on louvre heist, the louvre heist detective, detective louvre heist, inspector clouseau, louvre heist investigator, detective louvre, louve heist detective, detective on the louvre case, lourve detective, louvre investigator, louvre robbery detective, louvre museum robbery detective, lourve heist detective, the louvre, heist louvre, louvre robbery, louvre museum, louvre museum robbery, the louvre heist, what was stolen from the louvre,]]>
      </media:keywords>
      <category><![CDATA[Society,theft,crime,museums,society,social media,u.s. & world]]>
      </category>
      <guid isPermaLink="false">post/louvre-detective-mystery-dapper-ap-photo-heist-creates-social-media-buzz/18069823/</guid>
    </item>
    <item>
      <title><![CDATA[AccuWeather: A quiet and dry weekend for the Philadelphia region]]>
      </title>
      <description><![CDATA[A chilly, bright morning will give way to increasing afternoon clouds.]]>
      </description>
      <pubDate><![CDATA[Sat, 25 Oct 2025 10:10:25 +0000]]>
      </pubDate>
      <link><![CDATA[https://6abc.com/post/accuweather-forecast-philadelphia-pennsylvania-new-jersey-delaware/16705393/]]>
      </link>
      <type><![CDATA[post]]>
      </type>
      <guid><![CDATA[https://6abc.com/post/accuweather-forecast-philadelphia-pennsylvania-new-jersey-delaware/16705393/]]>
      </guid>
      <dc:creator><![CDATA[Payton Domschke]]>
      </dc:creator>
      <media:title><![CDATA[AccuWeather: Another round of patchy frost overnight]]>
      </media:title>
      <media:description><![CDATA[AccuWeather: Another round of patchy frost overnight]]>
      </media:description>
      <media:videoId>18068784</media:videoId>
      <media:thumbnail url="https://cdn.abcotvs.com/dip/images/18068783_102425-wpvi-accuweather-forecast-11pm-CC-vid.jpg" width="1280" height="720"/>
      <enclosure url="https://vcl.abcotv.net/video/wpvi/102425-wpvi-accuweather-forecast-11pm-CC-vid.mp4" length="177" type="video/mp4"/>
      <media:keywords><![CDATA[pennsylvania weather, weather forecast, weather radar, weather today, Philadelphia, jersey shore weather, philadelphia weather, philly weather, pa weather, action news weather, accuweather, channel 6 weather, 6abc Accuweather, new jersey weather, NJ weather, Delaware weather, weather radar, weather in philadelphia, weather near me]]>
      </media:keywords>
      <category><![CDATA[Weather,accuweather,accuweather,accuweather alert,severe weather]]>
      </category>
      <guid isPermaLink="false">post/accuweather-forecast-philadelphia-pennsylvania-new-jersey-delaware/16705393/</guid>
    </item>
    <item>
      <title><![CDATA[Fraternity closes Rutgers chapter after hazing nearly electrocutes student]]>
      </title>
      <description><![CDATA[The national chapter of Alpha Sigma Phi made the announcement on Friday, saying they have closed the fraternity's chapter at Rutgers following their own investigation.]]>
      </description>
      <pubDate><![CDATA[Sat, 25 Oct 2025 04:03:22 +0000]]>
      </pubDate>
      <link><![CDATA[https://6abc.com/post/rutgers-university-alpha-sigma-phi-fraternity-chapter-closed-hazing-involved-19-year-old-students-injury/18068122/]]>
      </link>
      <type><![CDATA[post]]>
      </type>
      <guid><![CDATA[https://6abc.com/post/rutgers-university-alpha-sigma-phi-fraternity-chapter-closed-hazing-involved-19-year-old-students-injury/18068122/]]>
      </guid>
      <dc:creator><![CDATA[WABC]]>
      </dc:creator>
      <media:title><![CDATA[Fraternity concludes Rutgers student injury was from hazing]]>
      </media:title>
      <media:description><![CDATA[The national chapter of Alpha Sigma Phi made the announcement on Friday.]]>
      </media:description>
      <media:videoId>18067301</media:videoId>
      <media:thumbnail url="https://cdn.abcotvs.com/dip/images/18067309_102425-wabc-aep-img.jpg" width="1280" height="720"/>
      <enclosure url="https://vcl.abcotv.net/video/wabc/102425-wabc-bookman-rutgers-frat-hazing-4pm-vid.mp4" length="35" type="video/mp4"/>
      <media:keywords><![CDATA[rutgers, fraternity, hazing, 19-year-old student injured, alpha sigma phi, alpha sigma phi fraternity closed, nj,]]>
      </media:keywords>
      <category><![CDATA[New Jersey,fraternity,college student,rutgers university,students,hazing]]>
      </category>
      <guid isPermaLink="false">post/rutgers-university-alpha-sigma-phi-fraternity-chapter-closed-hazing-involved-19-year-old-students-injury/18068122/</guid>
    </item>
    <item>
      <title><![CDATA[Halloween Haunts: Historic New Jersey prison offers frights and fascination]]>
      </title>
      <description><![CDATA[In this week's Halloween Haunts, Action News photojournalist Dan Sheridan takes us inside a South Jersey landmark that offers both a history lesson - and goosebumps.]]>
      </description>
      <pubDate><![CDATA[Sat, 25 Oct 2025 03:34:53 +0000]]>
      </pubDate>
      <link><![CDATA[https://6abc.com/post/halloween-haunts-historic-burlington-county-prison-museum-offers-frights-fascination/18068667/]]>
      </link>
      <type><![CDATA[post]]>
      </type>
      <guid><![CDATA[https://6abc.com/post/halloween-haunts-historic-burlington-county-prison-museum-offers-frights-fascination/18068667/]]>
      </guid>
      <dc:creator><![CDATA[WPVI]]>
      </dc:creator>
      <media:title><![CDATA[Halloween Haunts: Historic NJ prison offers frights and fascination]]>
      </media:title>
      <media:description><![CDATA[Halloween Haunts: Historic NJ prison offers frights and fascination]]>
      </media:description>
      <media:videoId>18068791</media:videoId>
      <media:thumbnail url="https://cdn.abcotvs.com/dip/images/18068790_102425-wpvi-halloween-haunts-burlington-county-prison-11pm-CC-vid.jpg" width="1280" height="720"/>
      <enclosure url="https://vcl.abcotv.net/video/wpvi/102425-wpvi-halloween-haunts-burlington-county-prison-11pm-CC-vid.mp4" length="137" type="video/mp4"/>
      <category><![CDATA[Arts & Entertainment,Mt. Holly,New Jersey,Burlington County,halloween,prison]]>
      </category>
      <guid isPermaLink="false">post/halloween-haunts-historic-burlington-county-prison-museum-offers-frights-fascination/18068667/</guid>
    </item>
    <item>
      <title><![CDATA[Officer repeated hit by same vehicle in hotel parking lot; 2nd officer also hurt]]>
      </title>
      <description><![CDATA[Two police officers were injured Friday after authorities say they were intentionally struck by a driver outside a hotel in Montgomery County.]]>
      </description>
      <pubDate><![CDATA[Sat, 25 Oct 2025 03:29:10 +0000]]>
      </pubDate>
      <link><![CDATA[https://6abc.com/post/2-officers-injured-incident-outside-hotel-plymouth-township-montgomery-county/18067046/]]>
      </link>
      <type><![CDATA[post]]>
      </type>
      <guid><![CDATA[https://6abc.com/post/2-officers-injured-incident-outside-hotel-plymouth-township-montgomery-county/18067046/]]>
      </guid>
      <dc:creator><![CDATA[6abc Digital Staff]]>
      </dc:creator>
      <media:title><![CDATA['Erratic driver' hits officer repeatedly in hotel parking lot]]>
      </media:title>
      <media:description><![CDATA['Erratic driver' hits officer repeatedly in hotel parking lot]]>
      </media:description>
      <media:videoId>18068733</media:videoId>
      <media:thumbnail url="https://cdn.abcotvs.com/dip/images/18068732_102425-wpvi-erratic-driver-hits-officers-11pm-CC-vid.jpg" width="1280" height="720"/>
      <enclosure url="https://vcl.abcotv.net/video/wpvi/102425-wpvi-erratic-driver-hits-officers-11pm-CC-vid.mp4" length="180" type="video/mp4"/>
      <category><![CDATA[Plymouth Township,Montgomery County,Pennsylvania,officer injured,police officer injured,police officer,police,crash]]>
      </category>
      <guid isPermaLink="false">post/2-officers-injured-incident-outside-hotel-plymouth-township-montgomery-county/18067046/</guid>
    </item>
    <item>
      <title><![CDATA[Shocking video shows woman fall onto Market-Frankford Line tracks as bystander comes to the rescue]]>
      </title>
      <description><![CDATA[Shocking surveillance video shows the moment a woman fell onto SEPTA tracks along the Market-Frankford Line in Philadelphia on Friday morning.]]>
      </description>
      <pubDate><![CDATA[Sat, 25 Oct 2025 03:24:56 +0000]]>
      </pubDate>
      <link><![CDATA[https://6abc.com/post/shocking-video-shows-woman-fall-tracks-septas-market-frankford-line-bystander-comes-rescue/18067311/]]>
      </link>
      <type><![CDATA[post]]>
      </type>
      <guid><![CDATA[https://6abc.com/post/shocking-video-shows-woman-fall-tracks-septas-market-frankford-line-bystander-comes-rescue/18067311/]]>
      </guid>
      <dc:creator><![CDATA[6abc Digital Staff]]>
      </dc:creator>
      <media:title><![CDATA[Video shows woman fall on SEPTA tracks; bystander comes to the rescue]]>
      </media:title>
      <media:description><![CDATA[Video shows woman fall on SEPTA tracks; bystander comes to the rescue]]>
      </media:description>
      <media:videoId>18068723</media:videoId>
      <media:thumbnail url="https://cdn.abcotvs.com/dip/images/18068722_102425-wpvi-septa-fall-video-11pm-CC-vid.jpg" width="1280" height="720"/>
      <enclosure url="https://vcl.abcotv.net/video/wpvi/102425-wpvi-septa-fall-video-11pm-CC-vid.mp4" length="26" type="video/mp4"/>
      <category><![CDATA[Philadelphia,SEPTA,caught on video,surveillance video]]>
      </category>
      <guid isPermaLink="false">post/shocking-video-shows-woman-fall-tracks-septas-market-frankford-line-bystander-comes-rescue/18067311/</guid>
    </item>
    <item>
      <title><![CDATA[33 indicted following FBI drug operation in Philadelphia's Kensington section]]>
      </title>
      <description><![CDATA[The FBI announced on Friday that 33 people have been indicted following a raid targeting the Weymouth Street Drug Trafficking Organization in the Kensington section of Philadelphia.]]>
      </description>
      <pubDate><![CDATA[Sat, 25 Oct 2025 03:23:55 +0000]]>
      </pubDate>
      <link><![CDATA[https://6abc.com/post/fbi-raid-underway-philadelphias-kensington-section-connection-drug-investigation-sources-say/18066493/]]>
      </link>
      <type><![CDATA[post]]>
      </type>
      <guid><![CDATA[https://6abc.com/post/fbi-raid-underway-philadelphias-kensington-section-connection-drug-investigation-sources-say/18066493/]]>
      </guid>
      <dc:creator><![CDATA[6abc Digital Staff]]>
      </dc:creator>
      <media:title><![CDATA[FBI busts massive Kensington drug operation; 33 indicted]]>
      </media:title>
      <media:description><![CDATA[FBI busts massive Kensington drug operation; 33 indicted]]>
      </media:description>
      <media:videoId>18068756</media:videoId>
      <media:thumbnail url="https://cdn.abcotvs.com/dip/images/18068755_102425-wpvi-kensington-drug-bust-11pm-CC-vid.jpg" width="1280" height="720"/>
      <enclosure url="https://vcl.abcotv.net/video/wpvi/102425-wpvi-kensington-drug-bust-11pm-CC-vid.mp4" length="165" type="video/mp4"/>
      <category><![CDATA[Philadelphia,Kensington (Philadelphia),drug bust,FBI,investigation]]>
      </category>
      <guid isPermaLink="false">post/fbi-raid-underway-philadelphias-kensington-section-connection-drug-investigation-sources-say/18066493/</guid>
    </item>
    <item>
      <title><![CDATA[Spring-Ford Area High School students strike up the band]]>
      </title>
      <description><![CDATA[Throughout its nearly 75-year history, the Spring-Ford Area High School band has delivered a good time, and Friday was no different.]]>
      </description>
      <pubDate><![CDATA[Sat, 25 Oct 2025 00:23:59 +0000]]>
      </pubDate>
      <link><![CDATA[https://6abc.com/videoClip/18068217/]]>
      </link>
      <type><![CDATA[videoClip]]>
      </type>
      <guid><![CDATA[https://6abc.com/videoClip/18068217/]]>
      </guid>
      <dc:creator><![CDATA[Maggie Kent]]>
      </dc:creator>
      <category><![CDATA[Arts & Entertainment,Philadelphia,6abc school spirit]]>
      </category>
      <guid isPermaLink="false">entertainment/spring-ford-area-high-school-students-strike-up-the-band/18068217/</guid>
    </item>
    <item>
      <title><![CDATA[California union proposes taxing billionaires to offset Medicaid cuts]]>
      </title>
      <description><![CDATA[A major union announced a proposal to impose a one-time 5% tax on billionaires in California to address federal funding cuts to health care for low-income people.]]>
      </description>
      <pubDate><![CDATA[Fri, 24 Oct 2025 23:53:18 +0000]]>
      </pubDate>
      <link><![CDATA[https://abc7news.com/post/california-union-proposes-taxing-billionaires-offset-medicaid-cuts-low-income-people/18066430/]]>
      </link>
      <type><![CDATA[post]]>
      </type>
      <guid><![CDATA[https://abc7news.com/post/california-union-proposes-taxing-billionaires-offset-medicaid-cuts-low-income-people/18066430/]]>
      </guid>
      <dc:creator><![CDATA[AP]]>
      </dc:creator>
      <category><![CDATA[Society,voting,taxes,health care,unions,medicaid]]>
      </category>
      <guid isPermaLink="false">post/california-union-proposes-taxing-billionaires-offset-medicaid-cuts-low-income-people/18066430/</guid>
    </item>
    <item>
      <title><![CDATA[Celeste Rivas Hernandez case: New details released after teen's body found in singer D4vd's Tesla]]>
      </title>
      <description><![CDATA[A private investigator is sharing new details in the case of Celeste Rivas Hernandez, whose body was found in a Tesla belonging to singer D4vd.]]>
      </description>
      <pubDate><![CDATA[Fri, 24 Oct 2025 23:50:35 +0000]]>
      </pubDate>
      <link><![CDATA[https://6abc.com/post/celeste-rivas-hernandez-case-private-investigator-steve-fischer-shares-new-details-teens-body-found-singer-d4vds-tesla/18066171/]]>
      </link>
      <type><![CDATA[post]]>
      </type>
      <guid><![CDATA[https://6abc.com/post/celeste-rivas-hernandez-case-private-investigator-steve-fischer-shares-new-details-teens-body-found-singer-d4vds-tesla/18066171/]]>
      </guid>
      <dc:creator><![CDATA[WPVI]]>
      </dc:creator>
      <media:title><![CDATA[Celeste Rivas Hernandez case: Private investigator shares new details]]>
      </media:title>
      <media:description><![CDATA[A private investigator is sharing new details in the case of Celeste Rivas Hernandez, whose body was found in a Tesla belonging to singer D4vd.]]>
      </media:description>
      <media:videoId>18064862</media:videoId>
      <media:thumbnail url="https://cdn.abcotvs.com/dip/images/18064600_celeste-rivas-clean-TN-img.jpg" width="1280" height="720"/>
      <enclosure url="https://vcl.abcotv.net/video/kabc/102325-kabc-11pm-tow-yard-body-vid.mp4" length="147" type="video/mp4"/>
      <category><![CDATA[California,tesla,human remains found,swat,u.s. & world,swatting,investigation,homeowners,body found,dead body,death investigation]]>
      </category>
      <guid isPermaLink="false">post/celeste-rivas-hernandez-case-private-investigator-steve-fischer-shares-new-details-teens-body-found-singer-d4vds-tesla/18066171/</guid>
    </item>
    <item>
      <title><![CDATA[A.J. Brown and 5 others ruled out for Sunday's game vs. Giants]]>
      </title>
      <description><![CDATA[The Eagles also will be without cornerback Adoree' Jackson, center Cam Jurgens and linebacker Azeez Ojulari.]]>
      </description>
      <pubDate><![CDATA[Fri, 24 Oct 2025 23:24:53 +0000]]>
      </pubDate>
      <link><![CDATA[https://6abc.com/post/eagles-face-giants-aj-brown-brandon-graham/18067494/]]>
      </link>
      <type><![CDATA[post]]>
      </type>
      <guid><![CDATA[https://6abc.com/post/eagles-face-giants-aj-brown-brandon-graham/18067494/]]>
      </guid>
      <dc:creator><![CDATA[AP]]>
      </dc:creator>
      <category><![CDATA[Sports,Philadelphia,nfl,Philadelphia Eagles]]>
      </category>
      <guid isPermaLink="false">post/eagles-face-giants-aj-brown-brandon-graham/18067494/</guid>
    </item>
    <item>
      <title><![CDATA[Painting company surprises mother of victim killed in NE Philly plane crash]]>
      </title>
      <description><![CDATA[Amira Brown was overcome with emotion on Friday afternoon as she remembered her son, Steven Dreuitt, who tragically died in the medical jet crash in Northeast Philadelphia.]]>
      </description>
      <pubDate><![CDATA[Fri, 24 Oct 2025 22:59:21 +0000]]>
      </pubDate>
      <link><![CDATA[https://6abc.com/post/painting-company-surprises-mother-victim-killed-northeast-philadelphia-plane-crash/18067599/]]>
      </link>
      <type><![CDATA[post]]>
      </type>
      <guid><![CDATA[https://6abc.com/post/painting-company-surprises-mother-victim-killed-northeast-philadelphia-plane-crash/18067599/]]>
      </guid>
      <dc:creator><![CDATA[Katie Katro]]>
      </dc:creator>
      <media:title><![CDATA[Painting company surprises mother of victim killed in Philly jet crash]]>
      </media:title>
      <media:description><![CDATA[Amira Brown was overcome with emotion on Friday afternoon as she remembered her son, Steven Dreuitt, who tragically died in the medical jet crash in Northeast Philadelphia.]]>
      </media:description>
      <media:videoId>18067820</media:videoId>
      <media:thumbnail url="https://cdn.abcotvs.com/dip/images/18067942_102425-wpvi-paint-it-forward-img.jpg" width="1280" height="720"/>
      <enclosure url="https://vcl.abcotv.net/video/wpvi/102425-wpvi-paint-it-forward-6-vid-vid.mp4" length="129" type="video/mp4"/>
      <category><![CDATA[Northeast Philadelphia,Philadelphia,philadelphia plane crash,feel good]]>
      </category>
      <guid isPermaLink="false">post/painting-company-surprises-mother-victim-killed-northeast-philadelphia-plane-crash/18067599/</guid>
    </item>
    <item>
      <title><![CDATA[Ocean City declares state of emergency over beach erosion]]>
      </title>
      <description><![CDATA[The storm eroded dunes and caused serious beach erosion. The area from 1st Street to 13th Street was most severely affected.]]>
      </description>
      <pubDate><![CDATA[Fri, 24 Oct 2025 22:39:51 +0000]]>
      </pubDate>
      <link><![CDATA[https://6abc.com/post/ocean-city-nj-declares-state-emergency-beach-erosion/18067750/]]>
      </link>
      <type><![CDATA[post]]>
      </type>
      <guid><![CDATA[https://6abc.com/post/ocean-city-nj-declares-state-emergency-beach-erosion/18067750/]]>
      </guid>
      <dc:creator><![CDATA[6abc Digital Staff]]>
      </dc:creator>
      <media:title><![CDATA[Ocean City declares state of emergency over beach erosion]]>
      </media:title>
      <media:description><![CDATA[The storm eroded dunes and caused serious beach erosion. The area from 1st Street to 13th Street was most severely affected.]]>
      </media:description>
      <media:videoId>18067811</media:videoId>
      <media:thumbnail url="https://cdn.abcotvs.com/dip/images/18067810_102425-wpvi-ocean-city-emergency-530-vid-vid.jpg" width="1280" height="720"/>
      <enclosure url="https://vcl.abcotv.net/video/wpvi/102425-wpvi-ocean-city-emergency-530-vid-vid.mp4" length="24" type="video/mp4"/>
      <category><![CDATA[Society,Ocean City,Cape May County,New Jersey,jersey shore,beach erosion]]>
      </category>
      <guid isPermaLink="false">post/ocean-city-nj-declares-state-emergency-beach-erosion/18067750/</guid>
    </item>
    <item>
      <title><![CDATA[Man critically hurt after being shot in Bucks County Wawa parking lot after altercation]]>
      </title>
      <description><![CDATA[A man is in critical condition after being shot in the parking lot of a Bucks County Wawa Thursday night.]]>
      </description>
      <pubDate><![CDATA[Fri, 24 Oct 2025 21:53:55 +0000]]>
      </pubDate>
      <link><![CDATA[https://6abc.com/post/man-critically-hurt-being-shot-bucks-county-wawa-parking-lot-altercation/18066089/]]>
      </link>
      <type><![CDATA[post]]>
      </type>
      <guid><![CDATA[https://6abc.com/post/man-critically-hurt-being-shot-bucks-county-wawa-parking-lot-altercation/18066089/]]>
      </guid>
      <dc:creator><![CDATA[Trish Hartman]]>
      </dc:creator>
      <media:title><![CDATA[Man critically hurt after being shot in Bucks County Wawa parking lot after altercation]]>
      </media:title>
      <media:description><![CDATA[A man is in critical condition after being shot in the parking lot of a Bucks County Wawa Thursday night.]]>
      </media:description>
      <media:videoId>18067659</media:videoId>
      <media:thumbnail url="https://cdn.abcotvs.com/dip/images/18067658_102425-wpvi-bristol-wawa-shooting-530-vid-vid.jpg" width="1280" height="720"/>
      <enclosure url="https://vcl.abcotv.net/video/wpvi/102425-wpvi-bristol-wawa-shooting-530-vid-vid.mp4" length="131" type="video/mp4"/>
      <category><![CDATA[Levittown,Bucks County,Pennsylvania,shooting,wawa]]>
      </category>
      <guid isPermaLink="false">post/man-critically-hurt-being-shot-bucks-county-wawa-parking-lot-altercation/18066089/</guid>
    </item>
    <item>
      <title><![CDATA[Transportation Secretary says he wants to see 'results' as SEPTA  races to finish inspections]]>
      </title>
      <description><![CDATA[SEPTA is feeling more pressure, this time coming from the federal government.]]>
      </description>
      <pubDate><![CDATA[Fri, 24 Oct 2025 21:35:17 +0000]]>
      </pubDate>
      <link><![CDATA[https://6abc.com/post/us-transportation-secretary-sean-duffy-warns-he-could-force-septa-stop-use-silverliner-iv-rail-cars-due-fire-risks/18065887/]]>
      </link>
      <type><![CDATA[post]]>
      </type>
      <guid><![CDATA[https://6abc.com/post/us-transportation-secretary-sean-duffy-warns-he-could-force-septa-stop-use-silverliner-iv-rail-cars-due-fire-risks/18065887/]]>
      </guid>
      <dc:creator><![CDATA[6abc Digital Staff]]>
      </dc:creator>
      <media:title><![CDATA[Transportation Secretary warns he could force SEPTA to stop using rail car fleet due to fire risks]]>
      </media:title>
      <media:description><![CDATA[U.S. Transportation Secretary Sean Duffy is warning that his department could force SEPTA to stop using a fleet of rail cars due to fire risks.]]>
      </media:description>
      <media:videoId>18067514</media:videoId>
      <media:thumbnail url="https://cdn.abcotvs.com/dip/images/18067513_102425-wpvi-septa-duffy-folo-4-vid-vid.jpg" width="1280" height="720"/>
      <enclosure url="https://vcl.abcotv.net/video/wpvi/102425-wpvi-septa-duffy-folo-4-vid-vid.mp4" length="92" type="video/mp4"/>
      <category><![CDATA[Traffic,Philadelphia,SEPTA]]>
      </category>
      <guid isPermaLink="false">post/us-transportation-secretary-sean-duffy-warns-he-could-force-septa-stop-use-silverliner-iv-rail-cars-due-fire-risks/18065887/</guid>
    </item>
    <item>
      <title><![CDATA[4 million gallons flood streets after water main break in North Philadelphia]]>
      </title>
      <description><![CDATA[A water main break in North Philadelphia is causing major issues on Friday.]]>
      </description>
      <pubDate><![CDATA[Fri, 24 Oct 2025 21:17:23 +0000]]>
      </pubDate>
      <link><![CDATA[https://6abc.com/post/water-main-break-cracks-roadway-floods-streets-north-philadelphia/18066247/]]>
      </link>
      <type><![CDATA[post]]>
      </type>
      <guid><![CDATA[https://6abc.com/post/water-main-break-cracks-roadway-floods-streets-north-philadelphia/18066247/]]>
      </guid>
      <dc:creator><![CDATA[6abc Digital Staff]]>
      </dc:creator>
      <media:title><![CDATA[4 million gallons flood streets after water main break in North Philadelphia]]>
      </media:title>
      <media:description><![CDATA[A massive water main break in North Philadelphia left behind a crater in the road and flooded out cars and basements as millions of gallons of water rushed down 9th Street.]]>
      </media:description>
      <media:videoId>18067576</media:videoId>
      <media:thumbnail url="https://cdn.abcotvs.com/dip/images/18067575_102425-wpvi-berks-st-water-main-5-vid-vid.jpg" width="1280" height="720"/>
      <enclosure url="https://vcl.abcotv.net/video/wpvi/102425-wpvi-berks-st-water-main-5-vid-vid.mp4" length="141" type="video/mp4"/>
      <category><![CDATA[Philadelphia,North Philadelphia,water main break]]>
      </category>
      <guid isPermaLink="false">post/water-main-break-cracks-roadway-floods-streets-north-philadelphia/18066247/</guid>
    </item>
    <item>
      <title><![CDATA[Social Security recipients get a 2.8% cost-of-living boost in 2026, average of $56 per month]]>
      </title>
      <description><![CDATA[The Social Security cost-of-living increase will go up by 2.8% in 2026, which translates to an average increase of more than $56 for retirees every month, agency officials said Friday.]]>
      </description>
      <pubDate><![CDATA[Fri, 24 Oct 2025 19:24:23 +0000]]>
      </pubDate>
      <link><![CDATA[https://abc7.com/post/social-security-recipients-get-28-cost-living-boost-2026-average-56-month/18066111/]]>
      </link>
      <type><![CDATA[post]]>
      </type>
      <guid><![CDATA[https://abc7.com/post/social-security-recipients-get-28-cost-living-boost-2026-average-56-month/18066111/]]>
      </guid>
      <dc:creator><![CDATA[AP]]>
      </dc:creator>
      <media:title><![CDATA[Social Security recipients get a 2.8% cost-of-living boost in 2026]]>
      </media:title>
      <media:description><![CDATA[The Social Security cost-of-living increase will go up by 2.8% in 2026, which translates to an average increase of more than $56 for retirees every month, agency officials said Friday.]]>
      </media:description>
      <media:videoId>18067178</media:videoId>
      <media:thumbnail url="https://cdn.abcotvs.com/dip/images/18067177_102425-kabc-md-social-security-checks-vid.jpg" width="1280" height="720"/>
      <enclosure url="https://vcl.abcotv.net/video/kabc/102425-kabc-md-social-security-checks-vid.mp4" length="26" type="video/mp4"/>
      <category><![CDATA[Politics,social security,politics,u.s. & world]]>
      </category>
      <guid isPermaLink="false">post/social-security-recipients-get-28-cost-living-boost-2026-average-56-month/18066111/</guid>
    </item>
    <item>
      <title><![CDATA[Girl shot in Minneapolis church returns home from the hospital]]>
      </title>
      <description><![CDATA[A 12-year-old girl who was shot in the head during a deadly attack at a Minneapolis Catholic church in August was released from the hospital Thursday.]]>
      </description>
      <pubDate><![CDATA[Fri, 24 Oct 2025 18:17:32 +0000]]>
      </pubDate>
      <link><![CDATA[https://abc7.com/post/girl-injured-annunciation-catholic-school-mass-shooting-minneapolis-returns-home-hospital/18067012/]]>
      </link>
      <type><![CDATA[post]]>
      </type>
      <guid><![CDATA[https://abc7.com/post/girl-injured-annunciation-catholic-school-mass-shooting-minneapolis-returns-home-hospital/18067012/]]>
      </guid>
      <dc:creator><![CDATA[AP]]>
      </dc:creator>
      <category><![CDATA[school shooting,child injured,hospital,mass shooting,u.s. & world,child shot]]>
      </category>
      <guid isPermaLink="false">post/girl-injured-annunciation-catholic-school-mass-shooting-minneapolis-returns-home-hospital/18067012/</guid>
    </item>
    <item>
      <title><![CDATA[The story behind declining homicides & violent crimes in Philadelphia - Inside Story 102625]]>
      </title>
      <description><![CDATA[Host Tamala Edwards interviews David Brown - Executive Director of the Civic Coalition to Save Lives and Adam Geer - the City of Philadelphia's Chief Public Safety Director on the recent good news of a steep decline in homicides and violent crime]]>
      </description>
      <pubDate><![CDATA[Fri, 24 Oct 2025 17:58:20 +0000]]>
      </pubDate>
      <link><![CDATA[https://6abc.com/post/story-behind-declining-homicides-violent-crimes-philadelphia-inside-102625/18066757/]]>
      </link>
      <type><![CDATA[post]]>
      </type>
      <guid><![CDATA[https://6abc.com/post/story-behind-declining-homicides-violent-crimes-philadelphia-inside-102625/18066757/]]>
      </guid>
      <dc:creator><![CDATA[Tamala Edwards]]>
      </dc:creator>
      <media:keywords><![CDATA[Inside Story, politics, crime, no-ta]]>
      </media:keywords>
      <category><![CDATA[]]>
      </category>
      <guid isPermaLink="false">post/story-behind-declining-homicides-violent-crimes-philadelphia-inside-102625/18066757/</guid>
    </item>
    <item>
      <title><![CDATA[Tropical Storm Melissa stationary in the Caribbean as forecasters warn it will quickly intensify]]>
      </title>
      <description><![CDATA[Tropical Storm Melissa is nearly stationary in the central Caribbean, with forecasters warning it could soon strengthen and brush past Jamaica as a powerful hurricane]]>
      </description>
      <pubDate><![CDATA[Fri, 24 Oct 2025 17:45:44 +0000]]>
      </pubDate>
      <link><![CDATA[https://6abc.com/post/can-walk-faster-tropical-storm-melissa-is-moving-new-troubling-tendency-atlantic-storms/18065320/]]>
      </link>
      <type><![CDATA[post]]>
      </type>
      <guid><![CDATA[https://6abc.com/post/can-walk-faster-tropical-storm-melissa-is-moving-new-troubling-tendency-atlantic-storms/18065320/]]>
      </guid>
      <dc:creator><![CDATA[AP]]>
      </dc:creator>
      <category><![CDATA[Weather,tropical storm,tropical weather,u.s. & world,hurricane]]>
      </category>
      <guid isPermaLink="false">post/can-walk-faster-tropical-storm-melissa-is-moving-new-troubling-tendency-atlantic-storms/18065320/</guid>
    </item>
  </channel>
</rss>
